\BOOKMARK [2][-]{section*.1}{\376\377\000H\000e\000i\000g\000h\000t\000s\000\040\000o\000f\000\040\000a\000d\000u\000l\000t\000s\000.}{}% 1
\BOOKMARK [3][-]{section*.2}{\376\377\000\050\000a\000\051}{section*.1}% 2
\BOOKMARK [3][-]{section*.3}{\376\377\000\050\000b\000\051}{section*.1}% 3
\BOOKMARK [3][-]{section*.4}{\376\377\000\050\000c\000\051}{section*.1}% 4
\BOOKMARK [3][-]{section*.5}{\376\377\000\050\000d\000\051}{section*.1}% 5
\BOOKMARK [3][-]{section*.6}{\376\377\000\050\000e\000\051}{section*.1}% 6
\BOOKMARK [2][-]{section*.7}{\376\377\000T\000h\000a\000n\000k\000s\000g\000i\000v\000i\000n\000g\000\040\000s\000p\000e\000n\000d\000i\000n\000g\000,\000\040\000P\000a\000r\000t\000\040\000I}{}% 7
\BOOKMARK [3][-]{section*.8}{\376\377\000\050\000a\000\051}{section*.7}% 8
\BOOKMARK [3][-]{section*.9}{\376\377\000\050\000b\000\051}{section*.7}% 9
\BOOKMARK [3][-]{section*.10}{\376\377\000\050\000c\000\051}{section*.7}% 10
\BOOKMARK [3][-]{section*.11}{\376\377\000\050\000d\000\051}{section*.7}% 11
\BOOKMARK [3][-]{section*.12}{\376\377\000\050\000e\000\051}{section*.7}% 12
\BOOKMARK [3][-]{section*.13}{\376\377\000\050\000f\000\051}{section*.7}% 13
\BOOKMARK [3][-]{section*.14}{\376\377\000\050\000g\000\051}{section*.7}% 14
\BOOKMARK [2][-]{section*.15}{\376\377\000G\000i\000f\000t\000e\000d\000\040\000c\000h\000i\000l\000d\000r\000e\000n\000,\000\040\000P\000a\000r\000t\000\040\000I}{}% 15
\BOOKMARK [3][-]{section*.16}{\376\377\000\050\000a\000\051}{section*.15}% 16
\BOOKMARK [3][-]{section*.17}{\376\377\000\050\000b\000\051}{section*.15}% 17
\BOOKMARK [3][-]{section*.18}{\376\377\000\050\000c\000\051}{section*.15}% 18
\BOOKMARK [3][-]{section*.19}{\376\377\000\050\000d\000\051}{section*.15}% 19
\BOOKMARK [3][-]{section*.20}{\376\377\000\050\000e\000\051}{section*.15}% 20
\BOOKMARK [2][-]{section*.21}{\376\377\000G\000i\000f\000t\000e\000d\000\040\000c\000h\000i\000l\000d\000r\000e\000n\000,\000\040\000P\000a\000r\000t\000\040\000I\000I}{}% 21
\BOOKMARK [3][-]{section*.22}{\376\377\000\050\000a\000\051}{section*.21}% 22
\BOOKMARK [3][-]{section*.23}{\376\377\000\050\000b\000\051}{section*.21}% 23
\BOOKMARK [3][-]{section*.24}{\376\377\000\050\000c\000\051}{section*.21}% 24
\BOOKMARK [2][-]{section*.25}{\376\377\000C\000L\000T}{}% 25
\BOOKMARK [2][-]{section*.26}{\376\377\000C\000F\000L\000B}{}% 26
\BOOKMARK [3][-]{section*.27}{\376\377\000\050\000a\000\051}{section*.26}% 27
\BOOKMARK [3][-]{section*.28}{\376\377\000\050\000b\000\051}{section*.26}% 28
\BOOKMARK [3][-]{section*.29}{\376\377\000\050\000c\000\051}{section*.26}% 29
\BOOKMARK [3][-]{section*.30}{\376\377\000\050\000d\000\051}{section*.26}% 30
\BOOKMARK [3][-]{section*.31}{\376\377\000\050\000e\000\051}{section*.26}% 31
\BOOKMARK [2][-]{section*.32}{\376\377\000S\000a\000m\000e\000\040\000o\000b\000s\000e\000r\000v\000a\000t\000i\000o\000n\000,\000\040\000d\000i\000f\000f\000e\000r\000e\000n\000t\000\040\000s\000a\000m\000p\000l\000e\000\040\000s\000i\000z\000e\000.}{}% 32
