\BOOKMARK [2][-]{section*.1}{\376\377\000N\000u\000t\000r\000i\000t\000i\000o\000n\000\040\000a\000t\000\040\000S\000t\000a\000r\000b\000u\000c\000k\000s\000,\000\040\000P\000a\000r\000t\000\040\000I\000.\000\040\000\050\0008\000.\0002\0002\000,\000\040\000p\000.\000\040\0003\0002\0006\000\051}{}% 1
\BOOKMARK [3][-]{section*.2}{\376\377\000\050\000a\000\051}{section*.1}% 2
\BOOKMARK [3][-]{section*.3}{\376\377\000\050\000b\000\051}{section*.1}% 3
\BOOKMARK [3][-]{section*.4}{\376\377\000\050\000c\000\051}{section*.1}% 4
\BOOKMARK [3][-]{section*.5}{\376\377\000\050\000d\000\051}{section*.1}% 5
\BOOKMARK [2][-]{section*.6}{\376\377\000B\000o\000d\000y\000\040\000m\000e\000a\000s\000u\000r\000e\000m\000e\000n\000t\000s\000,\000\040\000P\000a\000r\000t\000\040\000I\000.\000\040\000\050\0008\000.\0001\0003\000,\000\040\000p\000.\000\040\0003\0001\0006\000\051}{}% 6
\BOOKMARK [3][-]{section*.7}{\376\377\000\050\000a\000\051}{section*.6}% 7
\BOOKMARK [3][-]{section*.8}{\376\377\000\050\000b\000\051}{section*.6}% 8
\BOOKMARK [2][-]{section*.9}{\376\377\000B\000o\000d\000y\000\040\000m\000e\000a\000s\000u\000r\000e\000m\000e\000n\000t\000s\000,\000\040\000P\000a\000r\000t\000\040\000I\000I\000I\000.}{}% 9
\BOOKMARK [3][-]{section*.10}{\376\377\000\050\000a\000\051}{section*.9}% 10
\BOOKMARK [3][-]{section*.11}{\376\377\000\050\000b\000\051}{section*.9}% 11
\BOOKMARK [3][-]{section*.12}{\376\377\000\050\000c\000\051}{section*.9}% 12
\BOOKMARK [3][-]{section*.13}{\376\377\000\050\000d\000\051}{section*.9}% 13
\BOOKMARK [3][-]{section*.14}{\376\377\000\050\000e\000\051}{section*.9}% 14
\BOOKMARK [3][-]{section*.15}{\376\377\000\050\000f\000\051}{section*.9}% 15
\BOOKMARK [2][-]{section*.16}{\376\377\000C\000a\000t\000s\000,\000\040\000P\000a\000r\000t\000\040\000I\000.\000\050\0008\000.\0002\0006\000,\000\040\000p\000.\000\040\0003\0002\0007\000\051}{}% 16
\BOOKMARK [3][-]{section*.17}{\376\377\000\050\000a\000\051}{section*.16}% 17
\BOOKMARK [3][-]{section*.18}{\376\377\000\050\000b\000\051}{section*.16}% 18
\BOOKMARK [3][-]{section*.19}{\376\377\000\050\000c\000\051}{section*.16}% 19
\BOOKMARK [3][-]{section*.20}{\376\377\000\050\000d\000\051}{section*.16}% 20
\BOOKMARK [3][-]{section*.21}{\376\377\000\050\000e\000\051}{section*.16}% 21
\BOOKMARK [2][-]{section*.22}{\376\377\000R\000a\000t\000e\000\040\000m\000y\000\040\000p\000r\000o\000f\000e\000s\000s\000o\000r\000.\000\040\000\050\0008\000.\0004\0004\000,\000\040\000p\000.\000\040\0003\0004\0000\000\051}{}% 22
\BOOKMARK [3][-]{section*.23}{\376\377\000\050\000a\000\051}{section*.22}% 23
\BOOKMARK [3][-]{section*.24}{\376\377\000\050\000b\000\051}{section*.22}% 24
\BOOKMARK [3][-]{section*.25}{\376\377\000\050\000c\000\051}{section*.22}% 25
